# JRE version: Java(TM) SE Runtime Environment (7.0_45-b18) (build 1.7.0_45-b18)
# Java VM: Java HotSpot(TM) 64-Bit Server VM (24.45-b08 mixed mode bsd-amd64 compressed oops)
Heap
 PSYoungGen      total 19456K, used 2085K [0x00000007eaa80000, 0x00000007ec000000, 0x0000000800000000)
  eden space 16896K, 0% used [0x00000007eaa80000,0x00000007eaa80000,0x00000007ebb00000)
  from space 2560K, 81% used [0x00000007ebd80000,0x00000007ebf89610,0x00000007ec000000)
  to   space 2560K, 0% used [0x00000007ebb00000,0x00000007ebb00000,0x00000007ebd80000)
 ParOldGen       total 43520K, used 3416K [0x00000007c0000000, 0x00000007c2a80000, 0x00000007eaa80000)
  object space 43520K, 7% used [0x00000007c0000000,0x00000007c03563b0,0x00000007c2a80000)
 PSPermGen       total 21504K, used 11556K [0x00000007bae00000, 0x00000007bc300000, 0x00000007c0000000)
  object space 21504K, 53% used [0x00000007bae00000,0x00000007bb9493c8,0x00000007bc300000)
GC Heap History (10 events):
Event: 3.322 GC heap after
Heap after GC invocations=3 (full 1):
 PSYoungGen      total 19456K, used 0K [0x00000007eaa80000, 0x00000007ec000000, 0x0000000800000000)
  eden space 16896K, 0% used [0x00000007eaa80000,0x00000007eaa80000,0x00000007ebb00000)
  from space 2560K, 0% used [0x00000007ebd80000,0x00000007ebd80000,0x00000007ec000000)
  to   space 2560K, 0% used [0x00000007ebb00000,0x00000007ebb00000,0x00000007ebd80000)
 ParOldGen       total 43520K, used 2214K [0x00000007c0000000, 0x00000007c2a80000, 0x00000007eaa80000)
  object space 43520K, 5% used [0x00000007c0000000,0x00000007c0229af0,0x00000007c2a80000)
 PSPermGen       total 21504K, used 10139K [0x00000007bae00000, 0x00000007bc300000, 0x00000007c0000000)
  object space 21504K, 47% used [0x00000007bae00000,0x00000007bb7e6d30,0x00000007bc300000)
}
Event: 20.189 GC heap before
{Heap before GC invocations=4 (full 1):
 PSYoungGen      total 19456K, used 16896K [0x00000007eaa80000, 0x00000007ec000000, 0x0000000800000000)
  eden space 16896K, 100% used [0x00000007eaa80000,0x00000007ebb00000,0x00000007ebb00000)
  from space 2560K, 0% used [0x00000007ebd80000,0x00000007ebd80000,0x00000007ec000000)
  to   space 2560K, 0% used [0x00000007ebb00000,0x00000007ebb00000,0x00000007ebd80000)
 ParOldGen       total 43520K, used 2214K [0x00000007c0000000, 0x00000007c2a80000, 0x00000007eaa80000)
  object space 43520K, 5% used [0x00000007c0000000,0x00000007c0229af0,0x00000007c2a80000)
 PSPermGen       total 21504K, used 11397K [0x00000007bae00000, 0x00000007bc300000, 0x00000007c0000000)
  object space 21504K, 53% used [0x00000007bae00000,0x00000007bb921728,0x00000007bc300000)
Event: 20.197 GC heap after
Heap after GC invocations=4 (full 1):
 PSYoungGen      total 19456K, used 2530K [0x00000007eaa80000, 0x00000007ec000000, 0x0000000800000000)
  eden space 16896K, 0% used [0x00000007eaa80000,0x00000007eaa80000,0x00000007ebb00000)
  from space 2560K, 98% used [0x00000007ebb00000,0x00000007ebd788b8,0x00000007ebd80000)
  to   space 2560K, 0% used [0x00000007ebd80000,0x00000007ebd80000,0x00000007ec000000)
 ParOldGen       total 43520K, used 3384K [0x00000007c0000000, 0x00000007c2a80000, 0x00000007eaa80000)
  object space 43520K, 7% used [0x00000007c0000000,0x00000007c034e3b0,0x00000007c2a80000)
 PSPermGen       total 21504K, used 11397K [0x00000007bae00000, 0x00000007bc300000, 0x00000007c0000000)
  object space 21504K, 53% used [0x00000007bae00000,0x00000007bb921728,0x00000007bc300000)
}
Event: 148.813 GC heap before
{Heap before GC invocations=5 (full 1):
 PSYoungGen      total 19456K, used 19426K [0x00000007eaa80000, 0x00000007ec000000, 0x0000000800000000)
  eden space 16896K, 100% used [0x00000007eaa80000,0x00000007ebb00000,0x00000007ebb00000)
  from space 2560K, 98% used [0x00000007ebb00000,0x00000007ebd788b8,0x00000007ebd80000)
  to   space 2560K, 0% used [0x00000007ebd80000,0x00000007ebd80000,0x00000007ec000000)
 ParOldGen       total 43520K, used 3384K [0x00000007c0000000, 0x00000007c2a80000, 0x00000007eaa80000)
  object space 43520K, 7% used [0x00000007c0000000,0x00000007c034e3b0,0x00000007c2a80000)
 PSPermGen       total 21504K, used 11548K [0x00000007bae00000, 0x00000007bc300000, 0x00000007c0000000)
  object space 21504K, 53% used [0x00000007bae00000,0x00000007bb9473a0,0x00000007bc300000)
Event: 148.818 GC heap after
Heap after GC invocations=5 (full 1):
 PSYoungGen      total 19456K, used 2529K [0x00000007eaa80000, 0x00000007ec000000, 0x0000000800000000)
  eden space 16896K, 0% used [0x00000007eaa80000,0x00000007eaa80000,0x00000007ebb00000)
  from space 2560K, 98% used [0x00000007ebd80000,0x00000007ebff87d0,0x00000007ec000000)
  to   space 2560K, 0% used [0x00000007ebb00000,0x00000007ebb00000,0x00000007ebd80000)
 ParOldGen       total 43520K, used 3392K [0x00000007c0000000, 0x00000007c2a80000, 0x00000007eaa80000)
  object space 43520K, 7% used [0x00000007c0000000,0x00000007c03503b0,0x00000007c2a80000)
 PSPermGen       total 21504K, used 11548K [0x00000007bae00000, 0x00000007bc300000, 0x00000007c0000000)
  object space 21504K, 53% used [0x00000007bae00000,0x00000007bb9473a0,0x00000007bc300000)
}
Event: 319.654 GC heap before
{Heap before GC invocations=6 (full 1):
 PSYoungGen      total 19456K, used 19425K [0x00000007eaa80000, 0x00000007ec000000, 0x0000000800000000)
  eden space 16896K, 100% used [0x00000007eaa80000,0x00000007ebb00000,0x00000007ebb00000)
  from space 2560K, 98% used [0x00000007ebd80000,0x00000007ebff87d0,0x00000007ec000000)
  to   space 2560K, 0% used [0x00000007ebb00000,0x00000007ebb00000,0x00000007ebd80000)
 ParOldGen       total 43520K, used 3392K [0x00000007c0000000, 0x00000007c2a80000, 0x00000007eaa80000)
  object space 43520K, 7% used [0x00000007c0000000,0x00000007c03503b0,0x00000007c2a80000)
 PSPermGen       total 21504K, used 11556K [0x00000007bae00000, 0x00000007bc300000, 0x00000007c0000000)
  object space 21504K, 53% used [0x00000007bae00000,0x00000007bb9493c8,0x00000007bc300000)
Event: 319.659 GC heap after
Heap after GC invocations=6 (full 1):
 PSYoungGen      total 19456K, used 2529K [0x00000007eaa80000, 0x00000007ec000000, 0x0000000800000000)
  eden space 16896K, 0% used [0x00000007eaa80000,0x00000007eaa80000,0x00000007ebb00000)
  from space 2560K, 98% used [0x00000007ebb00000,0x00000007ebd787d0,0x00000007ebd80000)
  to   space 2560K, 0% used [0x00000007ebd80000,0x00000007ebd80000,0x00000007ec000000)
 ParOldGen       total 43520K, used 3416K [0x00000007c0000000, 0x00000007c2a80000, 0x00000007eaa80000)
  object space 43520K, 7% used [0x00000007c0000000,0x00000007c03563b0,0x00000007c2a80000)
 PSPermGen       total 21504K, used 11556K [0x00000007bae00000, 0x00000007bc300000, 0x00000007c0000000)
  object space 21504K, 53% used [0x00000007bae00000,0x00000007bb9493c8,0x00000007bc300000)
}
Event: 319.664 GC heap before
{Heap before GC invocations=7 (full 1):
 PSYoungGen      total 19456K, used 2822K [0x00000007eaa80000, 0x00000007ec000000, 0x0000000800000000)
  eden space 16896K, 1% used [0x00000007eaa80000,0x00000007eaac93f0,0x00000007ebb00000)
  from space 2560K, 98% used [0x00000007ebb00000,0x00000007ebd787d0,0x00000007ebd80000)
  to   space 2560K, 0% used [0x00000007ebd80000,0x00000007ebd80000,0x00000007ec000000)
 ParOldGen       total 43520K, used 3416K [0x00000007c0000000, 0x00000007c2a80000, 0x00000007eaa80000)
  object space 43520K, 7% used [0x00000007c0000000,0x00000007c03563b0,0x00000007c2a80000)
 PSPermGen       total 21504K, used 11556K [0x00000007bae00000, 0x00000007bc300000, 0x00000007c0000000)
  object space 21504K, 53% used [0x00000007bae00000,0x00000007bb9493c8,0x00000007bc300000)
Event: 319.668 GC heap after
Heap after GC invocations=7 (full 1):
 PSYoungGen      total 19456K, used 2085K [0x00000007eaa80000, 0x00000007ec000000, 0x0000000800000000)
  eden space 16896K, 0% used [0x00000007eaa80000,0x00000007eaa80000,0x00000007ebb00000)
  from space 2560K, 81% used [0x00000007ebd80000,0x00000007ebf89610,0x00000007ec000000)
  to   space 2560K, 0% used [0x00000007ebb00000,0x00000007ebb00000,0x00000007ebd80000)
 ParOldGen       total 43520K, used 3416K [0x00000007c0000000, 0x00000007c2a80000, 0x00000007eaa80000)
  object space 43520K, 7% used [0x00000007c0000000,0x00000007c03563b0,0x00000007c2a80000)
 PSPermGen       total 21504K, used 11556K [0x00000007bae00000, 0x00000007bc300000, 0x00000007c0000000)
  object space 21504K, 53% used [0x00000007bae00000,0x00000007bb9493c8,0x00000007bc300000)
}
Event: 319.668 GC heap before
{Heap before GC invocations=8 (full 2):
 PSYoungGen      total 19456K, used 2085K [0x00000007eaa80000, 0x00000007ec000000, 0x0000000800000000)
  eden space 16896K, 0% used [0x00000007eaa80000,0x00000007eaa80000,0x00000007ebb00000)
  from space 2560K, 81% used [0x00000007ebd80000,0x00000007ebf89610,0x00000007ec000000)
  to   space 2560K, 0% used [0x00000007ebb00000,0x00000007ebb00000,0x00000007ebd80000)
 ParOldGen       total 43520K, used 3416K [0x00000007c0000000, 0x00000007c2a80000, 0x00000007eaa80000)
  object space 43520K, 7% used [0x00000007c0000000,0x00000007c03563b0,0x00000007c2a80000)
 PSPermGen       total 21504K, used 11556K [0x00000007bae00000, 0x00000007bc300000, 0x00000007c0000000)
  object space 21504K, 53% used [0x00000007bae00000,0x00000007bb9493c8,0x00000007bc300000)

